{"C:\\Users\\jurje\\Documents\\4CITE\\Backend\\index.ts": {"path":"C:\\Users\\jurje\\Documents\\4CITE\\Backend\\index.ts","statementMap":{"0":{"start":{"line":12,"column":19},"end":{"line":12,"column":49}},"1":{"start":{"line":13,"column":18},"end":{"line":13,"column":42}},"2":{"start":{"line":15,"column":12},"end":{"line":15,"column":21}},"3":{"start":{"line":16,"column":0},"end":{"line":16,"column":16}},"4":{"start":{"line":17,"column":0},"end":{"line":17,"column":16}},"5":{"start":{"line":18,"column":0},"end":{"line":18,"column":24}},"6":{"start":{"line":19,"column":0},"end":{"line":19,"column":12}},"7":{"start":{"line":20,"column":0},"end":{"line":20,"column":34}},"8":{"start":{"line":22,"column":0},"end":{"line":22,"column":18}},"9":{"start":{"line":24,"column":15},"end":{"line":26,"column":2}},"10":{"start":{"line":25,"column":2},"end":{"line":25,"column":48}}},"fnMap":{"0":{"name":"(anonymous_0)","decl":{"start":{"line":24,"column":32},"end":{"line":24,"column":35}},"loc":{"start":{"line":24,"column":37},"end":{"line":26,"column":1}}}},"branchMap":{},"s":{"0":1,"1":1,"2":1,"3":1,"4":1,"5":1,"6":1,"7":1,"8":1,"9":1,"10":1},"f":{"0":1},"b":{}}
,"C:\\Users\\jurje\\Documents\\4CITE\\Backend\\swagger.ts": {"path":"C:\\Users\\jurje\\Documents\\4CITE\\Backend\\swagger.ts","statementMap":{"0":{"start":{"line":7,"column":19},"end":{"line":7,"column":49}},"1":{"start":{"line":8,"column":18},"end":{"line":8,"column":42}},"2":{"start":{"line":10,"column":38},"end":{"line":51,"column":2}},"3":{"start":{"line":53,"column":20},"end":{"line":53,"column":41}},"4":{"start":{"line":57,"column":2},"end":{"line":61,"column":6}},"5":{"start":{"line":64,"column":2},"end":{"line":67,"column":5}},"6":{"start":{"line":65,"column":4},"end":{"line":65,"column":54}},"7":{"start":{"line":66,"column":4},"end":{"line":66,"column":26}},"8":{"start":{"line":69,"column":2},"end":{"line":69,"column":64}}},"fnMap":{"0":{"name":"setupSwagger","decl":{"start":{"line":55,"column":16},"end":{"line":55,"column":28}},"loc":{"start":{"line":55,"column":41},"end":{"line":70,"column":1}}},"1":{"name":"(anonymous_1)","decl":{"start":{"line":64,"column":28},"end":{"line":64,"column":29}},"loc":{"start":{"line":64,"column":41},"end":{"line":67,"column":3}}}},"branchMap":{},"s":{"0":1,"1":1,"2":1,"3":1,"4":1,"5":1,"6":0,"7":0,"8":1},"f":{"0":1,"1":0},"b":{}}
,"C:\\Users\\jurje\\Documents\\4CITE\\Backend\\controllers\\UserController.ts": {"path":"C:\\Users\\jurje\\Documents\\4CITE\\Backend\\controllers\\UserController.ts","statementMap":{"0":{"start":{"line":8,"column":23},"end":{"line":8,"column":47}},"1":{"start":{"line":10,"column":21},"end":{"line":26,"column":2}},"2":{"start":{"line":10,"column":74},"end":{"line":26,"column":2}},"3":{"start":{"line":11,"column":4},"end":{"line":25,"column":5}},"4":{"start":{"line":12,"column":36},"end":{"line":12,"column":44}},"5":{"start":{"line":13,"column":21},"end":{"line":13,"column":85}},"6":{"start":{"line":14,"column":8},"end":{"line":17,"column":9}},"7":{"start":{"line":15,"column":12},"end":{"line":15,"column":81}},"8":{"start":{"line":16,"column":12},"end":{"line":16,"column":19}},"9":{"start":{"line":19,"column":30},"end":{"line":19,"column":49}},"10":{"start":{"line":20,"column":8},"end":{"line":20,"column":27}},"11":{"start":{"line":21,"column":8},"end":{"line":21,"column":91}},"12":{"start":{"line":23,"column":8},"end":{"line":23,"column":29}},"13":{"start":{"line":24,"column":8},"end":{"line":24,"column":58}},"14":{"start":{"line":28,"column":24},"end":{"line":54,"column":2}},"15":{"start":{"line":28,"column":77},"end":{"line":54,"column":2}},"16":{"start":{"line":29,"column":4},"end":{"line":53,"column":5}},"17":{"start":{"line":30,"column":28},"end":{"line":30,"column":36}},"18":{"start":{"line":31,"column":8},"end":{"line":31,"column":26}},"19":{"start":{"line":32,"column":24},"end":{"line":32,"column":72}},"20":{"start":{"line":33,"column":8},"end":{"line":36,"column":9}},"21":{"start":{"line":34,"column":12},"end":{"line":34,"column":72}},"22":{"start":{"line":35,"column":12},"end":{"line":35,"column":19}},"23":{"start":{"line":38,"column":27},"end":{"line":38,"column":29}},"24":{"start":{"line":39,"column":8},"end":{"line":39,"column":77}},"25":{"start":{"line":44,"column":31},"end":{"line":44,"column":68}},"26":{"start":{"line":46,"column":30},"end":{"line":46,"column":52}},"27":{"start":{"line":48,"column":8},"end":{"line":48,"column":30}},"28":{"start":{"line":49,"column":8},"end":{"line":49,"column":96}},"29":{"start":{"line":51,"column":8},"end":{"line":51,"column":29}},"30":{"start":{"line":52,"column":8},"end":{"line":52,"column":58}},"31":{"start":{"line":56,"column":26},"end":{"line":107,"column":2}},"32":{"start":{"line":56,"column":85},"end":{"line":107,"column":2}},"33":{"start":{"line":57,"column":24},"end":{"line":57,"column":32}},"34":{"start":{"line":58,"column":4},"end":{"line":58,"column":22}},"35":{"start":{"line":61,"column":4},"end":{"line":70,"column":5}},"36":{"start":{"line":62,"column":8},"end":{"line":62,"column":36}},"37":{"start":{"line":63,"column":11},"end":{"line":70,"column":5}},"38":{"start":{"line":64,"column":8},"end":{"line":64,"column":34}},"39":{"start":{"line":65,"column":8},"end":{"line":65,"column":33}},"40":{"start":{"line":68,"column":8},"end":{"line":68,"column":59}},"41":{"start":{"line":69,"column":8},"end":{"line":69,"column":15}},"42":{"start":{"line":72,"column":25},"end":{"line":72,"column":61}},"43":{"start":{"line":73,"column":4},"end":{"line":76,"column":5}},"44":{"start":{"line":74,"column":8},"end":{"line":74,"column":66}},"45":{"start":{"line":75,"column":8},"end":{"line":75,"column":15}},"46":{"start":{"line":78,"column":4},"end":{"line":81,"column":5}},"47":{"start":{"line":79,"column":8},"end":{"line":79,"column":56}},"48":{"start":{"line":80,"column":8},"end":{"line":80,"column":15}},"49":{"start":{"line":83,"column":4},"end":{"line":89,"column":5}},"50":{"start":{"line":84,"column":28},"end":{"line":84,"column":76}},"51":{"start":{"line":85,"column":8},"end":{"line":88,"column":9}},"52":{"start":{"line":86,"column":12},"end":{"line":86,"column":66}},"53":{"start":{"line":87,"column":12},"end":{"line":87,"column":19}},"54":{"start":{"line":91,"column":4},"end":{"line":93,"column":5}},"55":{"start":{"line":92,"column":8},"end":{"line":92,"column":69}},"56":{"start":{"line":94,"column":4},"end":{"line":106,"column":5}},"57":{"start":{"line":95,"column":28},"end":{"line":95,"column":69}},"58":{"start":{"line":96,"column":8},"end":{"line":99,"column":9}},"59":{"start":{"line":97,"column":12},"end":{"line":97,"column":70}},"60":{"start":{"line":98,"column":12},"end":{"line":98,"column":19}},"61":{"start":{"line":101,"column":8},"end":{"line":101,"column":34}},"62":{"start":{"line":102,"column":8},"end":{"line":102,"column":96}},"63":{"start":{"line":104,"column":8},"end":{"line":104,"column":29}},"64":{"start":{"line":105,"column":8},"end":{"line":105,"column":58}},"65":{"start":{"line":109,"column":27},"end":{"line":117,"column":2}},"66":{"start":{"line":109,"column":80},"end":{"line":117,"column":2}},"67":{"start":{"line":110,"column":4},"end":{"line":116,"column":5}},"68":{"start":{"line":111,"column":22},"end":{"line":111,"column":56}},"69":{"start":{"line":112,"column":8},"end":{"line":112,"column":24}},"70":{"start":{"line":114,"column":8},"end":{"line":114,"column":29}},"71":{"start":{"line":115,"column":8},"end":{"line":115,"column":99}},"72":{"start":{"line":119,"column":27},"end":{"line":137,"column":2}},"73":{"start":{"line":119,"column":86},"end":{"line":137,"column":2}},"74":{"start":{"line":120,"column":13},"end":{"line":120,"column":37}},"75":{"start":{"line":122,"column":4},"end":{"line":129,"column":5}},"76":{"start":{"line":123,"column":8},"end":{"line":123,"column":38}},"77":{"start":{"line":124,"column":11},"end":{"line":129,"column":5}},"78":{"start":{"line":125,"column":8},"end":{"line":125,"column":33}},"79":{"start":{"line":127,"column":8},"end":{"line":127,"column":56}},"80":{"start":{"line":128,"column":8},"end":{"line":128,"column":15}},"81":{"start":{"line":130,"column":4},"end":{"line":136,"column":5}},"82":{"start":{"line":131,"column":21},"end":{"line":131,"column":57}},"83":{"start":{"line":132,"column":8},"end":{"line":132,"column":23}},"84":{"start":{"line":134,"column":8},"end":{"line":134,"column":29}},"85":{"start":{"line":135,"column":8},"end":{"line":135,"column":99}},"86":{"start":{"line":139,"column":26},"end":{"line":157,"column":2}},"87":{"start":{"line":139,"column":85},"end":{"line":157,"column":2}},"88":{"start":{"line":140,"column":13},"end":{"line":140,"column":43}},"89":{"start":{"line":141,"column":17},"end":{"line":141,"column":53}},"90":{"start":{"line":142,"column":4},"end":{"line":145,"column":5}},"91":{"start":{"line":143,"column":8},"end":{"line":143,"column":66}},"92":{"start":{"line":144,"column":8},"end":{"line":144,"column":15}},"93":{"start":{"line":146,"column":4},"end":{"line":156,"column":5}},"94":{"start":{"line":147,"column":21},"end":{"line":147,"column":56}},"95":{"start":{"line":148,"column":8},"end":{"line":151,"column":9}},"96":{"start":{"line":149,"column":12},"end":{"line":149,"column":70}},"97":{"start":{"line":150,"column":12},"end":{"line":150,"column":19}},"98":{"start":{"line":152,"column":8},"end":{"line":152,"column":23}},"99":{"start":{"line":154,"column":8},"end":{"line":154,"column":29}},"100":{"start":{"line":155,"column":8},"end":{"line":155,"column":99}}},"fnMap":{"0":{"name":"(anonymous_7)","decl":{"start":{"line":10,"column":21},"end":{"line":10,"column":28}},"loc":{"start":{"line":10,"column":74},"end":{"line":26,"column":2}}},"1":{"name":"(anonymous_8)","decl":{"start":{"line":10,"column":74},"end":{"line":10,"column":null}},"loc":{"start":{"line":10,"column":74},"end":{"line":26,"column":1}}},"2":{"name":"(anonymous_9)","decl":{"start":{"line":28,"column":24},"end":{"line":28,"column":31}},"loc":{"start":{"line":28,"column":77},"end":{"line":54,"column":2}}},"3":{"name":"(anonymous_10)","decl":{"start":{"line":28,"column":77},"end":{"line":28,"column":null}},"loc":{"start":{"line":28,"column":77},"end":{"line":54,"column":1}}},"4":{"name":"(anonymous_11)","decl":{"start":{"line":56,"column":26},"end":{"line":56,"column":33}},"loc":{"start":{"line":56,"column":85},"end":{"line":107,"column":2}}},"5":{"name":"(anonymous_12)","decl":{"start":{"line":56,"column":85},"end":{"line":56,"column":null}},"loc":{"start":{"line":56,"column":85},"end":{"line":107,"column":1}}},"6":{"name":"(anonymous_13)","decl":{"start":{"line":109,"column":27},"end":{"line":109,"column":34}},"loc":{"start":{"line":109,"column":80},"end":{"line":117,"column":2}}},"7":{"name":"(anonymous_14)","decl":{"start":{"line":109,"column":80},"end":{"line":109,"column":null}},"loc":{"start":{"line":109,"column":80},"end":{"line":117,"column":1}}},"8":{"name":"(anonymous_15)","decl":{"start":{"line":119,"column":27},"end":{"line":119,"column":34}},"loc":{"start":{"line":119,"column":86},"end":{"line":137,"column":2}}},"9":{"name":"(anonymous_16)","decl":{"start":{"line":119,"column":86},"end":{"line":119,"column":null}},"loc":{"start":{"line":119,"column":86},"end":{"line":137,"column":1}}},"10":{"name":"(anonymous_17)","decl":{"start":{"line":139,"column":26},"end":{"line":139,"column":33}},"loc":{"start":{"line":139,"column":85},"end":{"line":157,"column":2}}},"11":{"name":"(anonymous_18)","decl":{"start":{"line":139,"column":85},"end":{"line":139,"column":null}},"loc":{"start":{"line":139,"column":85},"end":{"line":157,"column":1}}}},"branchMap":{"0":{"loc":{"start":{"line":14,"column":8},"end":{"line":17,"column":9}},"type":"if","locations":[{"start":{"line":14,"column":8},"end":{"line":17,"column":9}}]},"1":{"loc":{"start":{"line":33,"column":8},"end":{"line":36,"column":9}},"type":"if","locations":[{"start":{"line":33,"column":8},"end":{"line":36,"column":9}}]},"2":{"loc":{"start":{"line":61,"column":4},"end":{"line":70,"column":5}},"type":"if","locations":[{"start":{"line":61,"column":4},"end":{"line":70,"column":5}},{"start":{"line":63,"column":11},"end":{"line":70,"column":5}}]},"3":{"loc":{"start":{"line":61,"column":8},"end":{"line":61,"column":77}},"type":"binary-expr","locations":[{"start":{"line":61,"column":8},"end":{"line":61,"column":20}},{"start":{"line":61,"column":24},"end":{"line":61,"column":47}},{"start":{"line":61,"column":51},"end":{"line":61,"column":77}}]},"4":{"loc":{"start":{"line":63,"column":11},"end":{"line":70,"column":5}},"type":"if","locations":[{"start":{"line":63,"column":11},"end":{"line":70,"column":5}},{"start":{"line":66,"column":11},"end":{"line":70,"column":5}}]},"5":{"loc":{"start":{"line":73,"column":4},"end":{"line":76,"column":5}},"type":"if","locations":[{"start":{"line":73,"column":4},"end":{"line":76,"column":5}}]},"6":{"loc":{"start":{"line":78,"column":4},"end":{"line":81,"column":5}},"type":"if","locations":[{"start":{"line":78,"column":4},"end":{"line":81,"column":5}}]},"7":{"loc":{"start":{"line":78,"column":8},"end":{"line":78,"column":64}},"type":"binary-expr","locations":[{"start":{"line":78,"column":8},"end":{"line":78,"column":34}},{"start":{"line":78,"column":38},"end":{"line":78,"column":64}}]},"8":{"loc":{"start":{"line":78,"column":8},"end":{"line":78,"column":26}},"type":"cond-expr","locations":[{"start":{"line":78,"column":20},"end":{"line":78,"column":22}},{"start":{"line":78,"column":20},"end":{"line":78,"column":26}}]},"9":{"loc":{"start":{"line":78,"column":8},"end":{"line":78,"column":22}},"type":"binary-expr","locations":[{"start":{"line":78,"column":8},"end":{"line":78,"column":22}},{"start":{"line":78,"column":20},"end":{"line":78,"column":22}}]},"10":{"loc":{"start":{"line":83,"column":4},"end":{"line":89,"column":5}},"type":"if","locations":[{"start":{"line":83,"column":4},"end":{"line":89,"column":5}}]},"11":{"loc":{"start":{"line":85,"column":8},"end":{"line":88,"column":9}},"type":"if","locations":[{"start":{"line":85,"column":8},"end":{"line":88,"column":9}}]},"12":{"loc":{"start":{"line":85,"column":12},"end":{"line":85,"column":60}},"type":"binary-expr","locations":[{"start":{"line":85,"column":12},"end":{"line":85,"column":23}},{"start":{"line":85,"column":27},"end":{"line":85,"column":60}}]},"13":{"loc":{"start":{"line":91,"column":4},"end":{"line":93,"column":5}},"type":"if","locations":[{"start":{"line":91,"column":4},"end":{"line":93,"column":5}}]},"14":{"loc":{"start":{"line":96,"column":8},"end":{"line":99,"column":9}},"type":"if","locations":[{"start":{"line":96,"column":8},"end":{"line":99,"column":9}}]},"15":{"loc":{"start":{"line":115,"column":38},"end":{"line":115,"column":95}},"type":"cond-expr","locations":[{"start":{"line":115,"column":63},"end":{"line":115,"column":76}},{"start":{"line":115,"column":79},"end":{"line":115,"column":95}}]},"16":{"loc":{"start":{"line":120,"column":13},"end":{"line":120,"column":37}},"type":"cond-expr","locations":[{"start":{"line":120,"column":23},"end":{"line":120,"column":25}},{"start":{"line":120,"column":23},"end":{"line":120,"column":37}}]},"17":{"loc":{"start":{"line":120,"column":13},"end":{"line":120,"column":25}},"type":"binary-expr","locations":[{"start":{"line":120,"column":13},"end":{"line":120,"column":25}},{"start":{"line":120,"column":23},"end":{"line":120,"column":25}}]},"18":{"loc":{"start":{"line":120,"column":13},"end":{"line":120,"column":23}},"type":"cond-expr","locations":[{"start":{"line":120,"column":16},"end":{"line":120,"column":18}},{"start":{"line":120,"column":13},"end":{"line":120,"column":23}}]},"19":{"loc":{"start":{"line":120,"column":13},"end":{"line":120,"column":18}},"type":"binary-expr","locations":[{"start":{"line":120,"column":13},"end":{"line":120,"column":18}},{"start":{"line":120,"column":13},"end":{"line":120,"column":18}}]},"20":{"loc":{"start":{"line":122,"column":4},"end":{"line":129,"column":5}},"type":"if","locations":[{"start":{"line":122,"column":4},"end":{"line":129,"column":5}},{"start":{"line":124,"column":11},"end":{"line":129,"column":5}}]},"21":{"loc":{"start":{"line":122,"column":8},"end":{"line":122,"column":79}},"type":"binary-expr","locations":[{"start":{"line":122,"column":8},"end":{"line":122,"column":20}},{"start":{"line":122,"column":24},"end":{"line":122,"column":47}},{"start":{"line":122,"column":51},"end":{"line":122,"column":79}}]},"22":{"loc":{"start":{"line":122,"column":51},"end":{"line":122,"column":65}},"type":"cond-expr","locations":[{"start":{"line":122,"column":61},"end":{"line":122,"column":63}},{"start":{"line":122,"column":61},"end":{"line":122,"column":65}}]},"23":{"loc":{"start":{"line":122,"column":51},"end":{"line":122,"column":63}},"type":"binary-expr","locations":[{"start":{"line":122,"column":51},"end":{"line":122,"column":63}},{"start":{"line":122,"column":61},"end":{"line":122,"column":63}}]},"24":{"loc":{"start":{"line":122,"column":51},"end":{"line":122,"column":61}},"type":"cond-expr","locations":[{"start":{"line":122,"column":54},"end":{"line":122,"column":56}},{"start":{"line":122,"column":51},"end":{"line":122,"column":61}}]},"25":{"loc":{"start":{"line":122,"column":51},"end":{"line":122,"column":56}},"type":"binary-expr","locations":[{"start":{"line":122,"column":51},"end":{"line":122,"column":56}},{"start":{"line":122,"column":51},"end":{"line":122,"column":56}}]},"26":{"loc":{"start":{"line":123,"column":13},"end":{"line":123,"column":37}},"type":"cond-expr","locations":[{"start":{"line":123,"column":23},"end":{"line":123,"column":25}},{"start":{"line":123,"column":23},"end":{"line":123,"column":37}}]},"27":{"loc":{"start":{"line":123,"column":13},"end":{"line":123,"column":25}},"type":"binary-expr","locations":[{"start":{"line":123,"column":13},"end":{"line":123,"column":25}},{"start":{"line":123,"column":23},"end":{"line":123,"column":25}}]},"28":{"loc":{"start":{"line":123,"column":13},"end":{"line":123,"column":23}},"type":"cond-expr","locations":[{"start":{"line":123,"column":16},"end":{"line":123,"column":18}},{"start":{"line":123,"column":13},"end":{"line":123,"column":23}}]},"29":{"loc":{"start":{"line":123,"column":13},"end":{"line":123,"column":18}},"type":"binary-expr","locations":[{"start":{"line":123,"column":13},"end":{"line":123,"column":18}},{"start":{"line":123,"column":13},"end":{"line":123,"column":18}}]},"30":{"loc":{"start":{"line":124,"column":11},"end":{"line":129,"column":5}},"type":"if","locations":[{"start":{"line":124,"column":11},"end":{"line":129,"column":5}},{"start":{"line":126,"column":11},"end":{"line":129,"column":5}}]},"31":{"loc":{"start":{"line":124,"column":15},"end":{"line":124,"column":47}},"type":"binary-expr","locations":[{"start":{"line":124,"column":15},"end":{"line":124,"column":31}},{"start":{"line":124,"column":35},"end":{"line":124,"column":47}}]},"32":{"loc":{"start":{"line":135,"column":38},"end":{"line":135,"column":95}},"type":"cond-expr","locations":[{"start":{"line":135,"column":63},"end":{"line":135,"column":76}},{"start":{"line":135,"column":79},"end":{"line":135,"column":95}}]},"33":{"loc":{"start":{"line":140,"column":13},"end":{"line":140,"column":43}},"type":"cond-expr","locations":[{"start":{"line":140,"column":25},"end":{"line":140,"column":27}},{"start":{"line":140,"column":25},"end":{"line":140,"column":43}}]},"34":{"loc":{"start":{"line":140,"column":13},"end":{"line":140,"column":27}},"type":"binary-expr","locations":[{"start":{"line":140,"column":13},"end":{"line":140,"column":27}},{"start":{"line":140,"column":25},"end":{"line":140,"column":27}}]},"35":{"loc":{"start":{"line":142,"column":4},"end":{"line":145,"column":5}},"type":"if","locations":[{"start":{"line":142,"column":4},"end":{"line":145,"column":5}}]},"36":{"loc":{"start":{"line":148,"column":8},"end":{"line":151,"column":9}},"type":"if","locations":[{"start":{"line":148,"column":8},"end":{"line":151,"column":9}}]},"37":{"loc":{"start":{"line":155,"column":38},"end":{"line":155,"column":95}},"type":"cond-expr","locations":[{"start":{"line":155,"column":63},"end":{"line":155,"column":76}},{"start":{"line":155,"column":79},"end":{"line":155,"column":95}}]}},"s":{"0":1,"1":1,"2":4,"3":4,"4":4,"5":4,"6":4,"7":1,"8":1,"9":3,"10":3,"11":3,"12":0,"13":0,"14":1,"15":5,"16":5,"17":5,"18":5,"19":5,"20":5,"21":0,"22":0,"23":5,"24":5,"25":5,"26":5,"27":5,"28":5,"29":0,"30":0,"31":1,"32":6,"33":6,"34":6,"35":6,"36":0,"37":6,"38":6,"39":6,"40":0,"41":0,"42":6,"43":6,"44":0,"45":0,"46":6,"47":0,"48":0,"49":6,"50":0,"51":0,"52":0,"53":0,"54":6,"55":0,"56":6,"57":6,"58":6,"59":0,"60":0,"61":6,"62":6,"63":0,"64":0,"65":1,"66":2,"67":2,"68":2,"69":2,"70":0,"71":0,"72":1,"73":6,"74":6,"75":6,"76":4,"77":2,"78":1,"79":1,"80":1,"81":5,"82":5,"83":5,"84":0,"85":0,"86":1,"87":1,"88":1,"89":1,"90":1,"91":0,"92":0,"93":1,"94":1,"95":1,"96":0,"97":0,"98":1,"99":0,"100":0},"f":{"0":4,"1":4,"2":5,"3":5,"4":6,"5":6,"6":2,"7":2,"8":6,"9":6,"10":1,"11":1},"b":{"0":[1],"1":[0],"2":[0,6],"3":[6,6,2],"4":[6,0],"5":[0],"6":[0],"7":[6,0],"8":[0,6],"9":[6,6],"10":[0],"11":[0],"12":[0,0],"13":[0],"14":[0],"15":[0,0],"16":[0,6],"17":[6,6],"18":[0,6],"19":[6,6],"20":[4,2],"21":[6,6,4],"22":[0,4],"23":[4,4],"24":[0,4],"25":[4,4],"26":[0,4],"27":[4,4],"28":[0,4],"29":[4,4],"30":[1,1],"31":[2,1],"32":[0,0],"33":[0,1],"34":[1,1],"35":[0],"36":[0],"37":[0,0]}}
,"C:\\Users\\jurje\\Documents\\4CITE\\Backend\\middlewares\\authentification.ts": {"path":"C:\\Users\\jurje\\Documents\\4CITE\\Backend\\middlewares\\authentification.ts","statementMap":{"0":{"start":{"line":8,"column":20},"end":{"line":29,"column":1}},"1":{"start":{"line":9,"column":4},"end":{"line":28,"column":5}},"2":{"start":{"line":10,"column":36},"end":{"line":10,"column":61}},"3":{"start":{"line":12,"column":8},"end":{"line":14,"column":9}},"4":{"start":{"line":13,"column":12},"end":{"line":13,"column":60}},"5":{"start":{"line":16,"column":22},"end":{"line":16,"column":55}},"6":{"start":{"line":17,"column":44},"end":{"line":17,"column":107}},"7":{"start":{"line":18,"column":8},"end":{"line":18,"column":34}},"8":{"start":{"line":19,"column":8},"end":{"line":21,"column":9}},"9":{"start":{"line":20,"column":12},"end":{"line":20,"column":45}},"10":{"start":{"line":23,"column":8},"end":{"line":23,"column":36}},"11":{"start":{"line":25,"column":8},"end":{"line":25,"column":15}},"12":{"start":{"line":27,"column":8},"end":{"line":27,"column":67}},"13":{"start":{"line":31,"column":23},"end":{"line":39,"column":1}},"14":{"start":{"line":32,"column":21},"end":{"line":32,"column":47}},"15":{"start":{"line":34,"column":4},"end":{"line":38,"column":5}},"16":{"start":{"line":35,"column":8},"end":{"line":35,"column":15}},"17":{"start":{"line":37,"column":8},"end":{"line":37,"column":79}},"18":{"start":{"line":41,"column":21},"end":{"line":49,"column":1}},"19":{"start":{"line":42,"column":21},"end":{"line":42,"column":47}},"20":{"start":{"line":44,"column":4},"end":{"line":48,"column":5}},"21":{"start":{"line":45,"column":8},"end":{"line":45,"column":15}},"22":{"start":{"line":47,"column":8},"end":{"line":47,"column":79}}},"fnMap":{"0":{"name":"(anonymous_0)","decl":{"start":{"line":8,"column":20},"end":{"line":8,"column":21}},"loc":{"start":{"line":8,"column":84},"end":{"line":29,"column":1}}},"1":{"name":"(anonymous_1)","decl":{"start":{"line":31,"column":23},"end":{"line":31,"column":24}},"loc":{"start":{"line":31,"column":87},"end":{"line":39,"column":1}}},"2":{"name":"(anonymous_2)","decl":{"start":{"line":41,"column":21},"end":{"line":41,"column":22}},"loc":{"start":{"line":41,"column":85},"end":{"line":49,"column":1}}}},"branchMap":{"0":{"loc":{"start":{"line":12,"column":8},"end":{"line":14,"column":9}},"type":"if","locations":[{"start":{"line":12,"column":8},"end":{"line":14,"column":9}}]},"1":{"loc":{"start":{"line":19,"column":8},"end":{"line":21,"column":9}},"type":"if","locations":[{"start":{"line":19,"column":8},"end":{"line":21,"column":9}}]},"2":{"loc":{"start":{"line":19,"column":12},"end":{"line":19,"column":49}},"type":"binary-expr","locations":[{"start":{"line":19,"column":12},"end":{"line":19,"column":25}},{"start":{"line":19,"column":29},"end":{"line":19,"column":49}}]},"3":{"loc":{"start":{"line":32,"column":28},"end":{"line":32,"column":46}},"type":"cond-expr","locations":[{"start":{"line":32,"column":40},"end":{"line":32,"column":42}},{"start":{"line":32,"column":40},"end":{"line":32,"column":46}}]},"4":{"loc":{"start":{"line":32,"column":28},"end":{"line":32,"column":42}},"type":"binary-expr","locations":[{"start":{"line":32,"column":28},"end":{"line":32,"column":42}},{"start":{"line":32,"column":40},"end":{"line":32,"column":42}}]},"5":{"loc":{"start":{"line":34,"column":4},"end":{"line":38,"column":5}},"type":"if","locations":[{"start":{"line":34,"column":4},"end":{"line":38,"column":5}},{"start":{"line":36,"column":11},"end":{"line":38,"column":5}}]},"6":{"loc":{"start":{"line":34,"column":8},"end":{"line":34,"column":40}},"type":"binary-expr","locations":[{"start":{"line":34,"column":8},"end":{"line":34,"column":24}},{"start":{"line":34,"column":28},"end":{"line":34,"column":40}}]},"7":{"loc":{"start":{"line":42,"column":28},"end":{"line":42,"column":46}},"type":"cond-expr","locations":[{"start":{"line":42,"column":40},"end":{"line":42,"column":42}},{"start":{"line":42,"column":40},"end":{"line":42,"column":46}}]},"8":{"loc":{"start":{"line":42,"column":28},"end":{"line":42,"column":42}},"type":"binary-expr","locations":[{"start":{"line":42,"column":28},"end":{"line":42,"column":42}},{"start":{"line":42,"column":40},"end":{"line":42,"column":42}}]},"9":{"loc":{"start":{"line":44,"column":4},"end":{"line":48,"column":5}},"type":"if","locations":[{"start":{"line":44,"column":4},"end":{"line":48,"column":5}},{"start":{"line":46,"column":11},"end":{"line":48,"column":5}}]},"10":{"loc":{"start":{"line":44,"column":8},"end":{"line":44,"column":40}},"type":"binary-expr","locations":[{"start":{"line":44,"column":8},"end":{"line":44,"column":24}},{"start":{"line":44,"column":28},"end":{"line":44,"column":40}}]}},"s":{"0":1,"1":16,"2":16,"3":16,"4":0,"5":16,"6":16,"7":16,"8":16,"9":0,"10":16,"11":16,"12":0,"13":1,"14":3,"15":3,"16":2,"17":1,"18":1,"19":0,"20":0,"21":0,"22":0},"f":{"0":16,"1":3,"2":0},"b":{"0":[0],"1":[0],"2":[16,16],"3":[0,3],"4":[3,3],"5":[2,1],"6":[3,3],"7":[0,0],"8":[0,0],"9":[0,0],"10":[0,0]}}
,"C:\\Users\\jurje\\Documents\\4CITE\\Backend\\middlewares\\validationMiddleware.ts": {"path":"C:\\Users\\jurje\\Documents\\4CITE\\Backend\\middlewares\\validationMiddleware.ts","statementMap":{"0":{"start":{"line":57,"column":28},"end":{"line":68,"column":3}},"1":{"start":{"line":58,"column":4},"end":{"line":67,"column":6}},"2":{"start":{"line":59,"column":24},"end":{"line":59,"column":49}},"3":{"start":{"line":61,"column":6},"end":{"line":66,"column":7}},"4":{"start":{"line":62,"column":8},"end":{"line":62,"column":66}},"5":{"start":{"line":63,"column":8},"end":{"line":63,"column":15}},"6":{"start":{"line":65,"column":8},"end":{"line":65,"column":15}},"7":{"start":{"line":75,"column":27},"end":{"line":84,"column":3}},"8":{"start":{"line":76,"column":4},"end":{"line":83,"column":6}},"9":{"start":{"line":77,"column":42},"end":{"line":77,"column":68}},"10":{"start":{"line":78,"column":6},"end":{"line":81,"column":7}},"11":{"start":{"line":79,"column":8},"end":{"line":79,"column":66}},"12":{"start":{"line":80,"column":8},"end":{"line":80,"column":15}},"13":{"start":{"line":82,"column":6},"end":{"line":82,"column":13}},"14":{"start":{"line":91,"column":27},"end":{"line":100,"column":3}},"15":{"start":{"line":92,"column":4},"end":{"line":99,"column":6}},"16":{"start":{"line":93,"column":42},"end":{"line":93,"column":67}},"17":{"start":{"line":94,"column":6},"end":{"line":97,"column":7}},"18":{"start":{"line":95,"column":8},"end":{"line":95,"column":66}},"19":{"start":{"line":96,"column":8},"end":{"line":96,"column":15}},"20":{"start":{"line":98,"column":6},"end":{"line":98,"column":13}},"21":{"start":{"line":105,"column":23},"end":{"line":122,"column":2}}},"fnMap":{"0":{"name":"(anonymous_0)","decl":{"start":{"line":57,"column":28},"end":{"line":57,"column":29}},"loc":{"start":{"line":57,"column":57},"end":{"line":68,"column":3}}},"1":{"name":"(anonymous_1)","decl":{"start":{"line":58,"column":11},"end":{"line":58,"column":12}},"loc":{"start":{"line":58,"column":69},"end":{"line":67,"column":5}}},"2":{"name":"(anonymous_2)","decl":{"start":{"line":75,"column":27},"end":{"line":75,"column":28}},"loc":{"start":{"line":75,"column":56},"end":{"line":84,"column":3}}},"3":{"name":"(anonymous_3)","decl":{"start":{"line":76,"column":11},"end":{"line":76,"column":12}},"loc":{"start":{"line":76,"column":63},"end":{"line":83,"column":5}}},"4":{"name":"(anonymous_4)","decl":{"start":{"line":91,"column":27},"end":{"line":91,"column":28}},"loc":{"start":{"line":91,"column":56},"end":{"line":100,"column":3}}},"5":{"name":"(anonymous_5)","decl":{"start":{"line":92,"column":11},"end":{"line":92,"column":12}},"loc":{"start":{"line":92,"column":63},"end":{"line":99,"column":5}}}},"branchMap":{"0":{"loc":{"start":{"line":61,"column":6},"end":{"line":66,"column":7}},"type":"if","locations":[{"start":{"line":61,"column":6},"end":{"line":66,"column":7}},{"start":{"line":64,"column":13},"end":{"line":66,"column":7}}]},"1":{"loc":{"start":{"line":78,"column":6},"end":{"line":81,"column":7}},"type":"if","locations":[{"start":{"line":78,"column":6},"end":{"line":81,"column":7}}]},"2":{"loc":{"start":{"line":94,"column":6},"end":{"line":97,"column":7}},"type":"if","locations":[{"start":{"line":94,"column":6},"end":{"line":97,"column":7}}]}},"s":{"0":1,"1":2,"2":9,"3":9,"4":0,"5":0,"6":9,"7":1,"8":0,"9":0,"10":0,"11":0,"12":0,"13":0,"14":1,"15":1,"16":6,"17":6,"18":0,"19":0,"20":6,"21":1},"f":{"0":2,"1":9,"2":0,"3":0,"4":1,"5":6},"b":{"0":[0,9],"1":[0],"2":[0]}}
,"C:\\Users\\jurje\\Documents\\4CITE\\Backend\\models\\user.ts": {"path":"C:\\Users\\jurje\\Documents\\4CITE\\Backend\\models\\user.ts","statementMap":{"0":{"start":{"line":7,"column":27},"end":{"line":13,"column":2}},"1":{"start":{"line":14,"column":13},"end":{"line":14,"column":54}}},"fnMap":{},"branchMap":{},"s":{"0":1,"1":1},"f":{},"b":{}}
,"C:\\Users\\jurje\\Documents\\4CITE\\Backend\\repositories\\userRepository.ts": {"path":"C:\\Users\\jurje\\Documents\\4CITE\\Backend\\repositories\\userRepository.ts","statementMap":{"0":{"start":{"line":9,"column":8},"end":{"line":9,"column":27}},"1":{"start":{"line":13,"column":21},"end":{"line":13,"column":56}},"2":{"start":{"line":15,"column":8},"end":{"line":17,"column":9}},"3":{"start":{"line":16,"column":12},"end":{"line":16,"column":24}},"4":{"start":{"line":19,"column":8},"end":{"line":19,"column":20}},"5":{"start":{"line":23,"column":8},"end":{"line":23,"column":39}},"6":{"start":{"line":27,"column":8},"end":{"line":27,"column":43}},"7":{"start":{"line":31,"column":8},"end":{"line":31,"column":74}},"8":{"start":{"line":35,"column":8},"end":{"line":35,"column":65}},"9":{"start":{"line":38,"column":8},"end":{"line":38,"column":66}},"10":{"start":{"line":41,"column":8},"end":{"line":41,"column":62}}},"fnMap":{"0":{"name":"(anonymous_7)","decl":{"start":{"line":8,"column":4},"end":{"line":8,"column":16}},"loc":{"start":{"line":8,"column":46},"end":{"line":10,"column":5}}},"1":{"name":"(anonymous_8)","decl":{"start":{"line":12,"column":10},"end":{"line":12,"column":36}},"loc":{"start":{"line":12,"column":68},"end":{"line":20,"column":null}}},"2":{"name":"(anonymous_10)","decl":{"start":{"line":22,"column":4},"end":{"line":22,"column":14}},"loc":{"start":{"line":22,"column":26},"end":{"line":24,"column":5}}},"3":{"name":"(anonymous_11)","decl":{"start":{"line":26,"column":10},"end":{"line":26,"column":25}},"loc":{"start":{"line":26,"column":39},"end":{"line":28,"column":null}}},"4":{"name":"(anonymous_13)","decl":{"start":{"line":30,"column":10},"end":{"line":30,"column":20}},"loc":{"start":{"line":30,"column":44},"end":{"line":32,"column":null}}},"5":{"name":"(anonymous_15)","decl":{"start":{"line":34,"column":10},"end":{"line":34,"column":21}},"loc":{"start":{"line":34,"column":32},"end":{"line":36,"column":null}}},"6":{"name":"(anonymous_17)","decl":{"start":{"line":37,"column":11},"end":{"line":37,"column":22}},"loc":{"start":{"line":37,"column":22},"end":{"line":39,"column":null}}},"7":{"name":"(anonymous_19)","decl":{"start":{"line":40,"column":4},"end":{"line":40,"column":14}},"loc":{"start":{"line":40,"column":25},"end":{"line":42,"column":5}}}},"branchMap":{"0":{"loc":{"start":{"line":15,"column":8},"end":{"line":17,"column":9}},"type":"if","locations":[{"start":{"line":15,"column":8},"end":{"line":17,"column":9}}]},"1":{"loc":{"start":{"line":15,"column":12},"end":{"line":15,"column":75}},"type":"binary-expr","locations":[{"start":{"line":15,"column":12},"end":{"line":15,"column":16}},{"start":{"line":15,"column":21},"end":{"line":15,"column":74}}]}},"s":{"0":1,"1":4,"2":4,"3":3,"4":1,"5":5,"6":5,"7":6,"8":12,"9":2,"10":1},"f":{"0":1,"1":4,"2":5,"3":5,"4":6,"5":12,"6":2,"7":1},"b":{"0":[3],"1":[4,3]}}
,"C:\\Users\\jurje\\Documents\\4CITE\\Backend\\routes\\user.routes.ts": {"path":"C:\\Users\\jurje\\Documents\\4CITE\\Backend\\routes\\user.routes.ts","statementMap":{"0":{"start":{"line":5,"column":19},"end":{"line":5,"column":27}},"1":{"start":{"line":112,"column":0},"end":{"line":112,"column":71}},"2":{"start":{"line":166,"column":0},"end":{"line":166,"column":62}},"3":{"start":{"line":224,"column":0},"end":{"line":224,"column":75}},"4":{"start":{"line":251,"column":0},"end":{"line":251,"column":54}},"5":{"start":{"line":285,"column":0},"end":{"line":285,"column":43}},"6":{"start":{"line":310,"column":0},"end":{"line":310,"column":41}}},"fnMap":{},"branchMap":{},"s":{"0":1,"1":1,"2":1,"3":1,"4":1,"5":1,"6":1},"f":{},"b":{}}
,"C:\\Users\\jurje\\Documents\\4CITE\\Backend\\utils\\connectDB.ts": {"path":"C:\\Users\\jurje\\Documents\\4CITE\\Backend\\utils\\connectDB.ts","statementMap":{"0":{"start":{"line":4,"column":4},"end":{"line":14,"column":null}},"1":{"start":{"line":9,"column":12},"end":{"line":9,"column":null}},"2":{"start":{"line":12,"column":12},"end":{"line":12,"column":null}},"3":{"start":{"line":13,"column":12},"end":{"line":13,"column":null}}},"fnMap":{"0":{"name":"connectDB","decl":{"start":{"line":3,"column":16},"end":{"line":3,"column":25}},"loc":{"start":{"line":3,"column":25},"end":{"line":15,"column":1}}},"1":{"name":"(anonymous_1)","decl":{"start":{"line":8,"column":14},"end":{"line":8,"column":17}},"loc":{"start":{"line":8,"column":19},"end":{"line":10,"column":9}}},"2":{"name":"(anonymous_2)","decl":{"start":{"line":11,"column":15},"end":{"line":11,"column":16}},"loc":{"start":{"line":11,"column":23},"end":{"line":14,"column":9}}}},"branchMap":{},"s":{"0":1,"1":1,"2":0,"3":0},"f":{"0":1,"1":1,"2":0},"b":{}}
,"C:\\Users\\jurje\\Documents\\4CITE\\Backend\\utils\\tools.ts": {"path":"C:\\Users\\jurje\\Documents\\4CITE\\Backend\\utils\\tools.ts","statementMap":{"0":{"start":{"line":5,"column":20},"end":{"line":9,"column":6}},"1":{"start":{"line":11,"column":33},"end":{"line":13,"column":6}},"2":{"start":{"line":15,"column":4},"end":{"line":15,"column":67}}},"fnMap":{"0":{"name":"generateToken","decl":{"start":{"line":4,"column":16},"end":{"line":4,"column":29}},"loc":{"start":{"line":4,"column":41},"end":{"line":16,"column":1}}}},"branchMap":{},"s":{"0":8,"1":8,"2":8},"f":{"0":8},"b":{}}
}
