TN:
SF:index.ts
FN:24,(anonymous_0)
FNF:1
FNH:1
FNDA:1,(anonymous_0)
DA:12,1
DA:13,1
DA:15,1
DA:16,1
DA:17,1
DA:18,1
DA:19,1
DA:20,1
DA:22,1
DA:24,1
DA:25,1
LF:11
LH:11
BRF:0
BRH:0
end_of_record
TN:
SF:swagger.ts
FN:55,setupSwagger
FN:64,(anonymous_1)
FNF:2
FNH:1
FNDA:1,setupSwagger
FNDA:0,(anonymous_1)
DA:7,1
DA:8,1
DA:10,1
DA:53,1
DA:57,1
DA:64,1
DA:65,0
DA:66,0
DA:69,1
LF:9
LH:7
BRF:0
BRH:0
end_of_record
TN:
SF:controllers\UserController.ts
FN:10,(anonymous_7)
FN:10,(anonymous_8)
FN:28,(anonymous_9)
FN:28,(anonymous_10)
FN:56,(anonymous_11)
FN:56,(anonymous_12)
FN:109,(anonymous_13)
FN:109,(anonymous_14)
FN:119,(anonymous_15)
FN:119,(anonymous_16)
FN:139,(anonymous_17)
FN:139,(anonymous_18)
FNF:12
FNH:12
FNDA:4,(anonymous_7)
FNDA:4,(anonymous_8)
FNDA:5,(anonymous_9)
FNDA:5,(anonymous_10)
FNDA:6,(anonymous_11)
FNDA:6,(anonymous_12)
FNDA:2,(anonymous_13)
FNDA:2,(anonymous_14)
FNDA:6,(anonymous_15)
FNDA:6,(anonymous_16)
FNDA:1,(anonymous_17)
FNDA:1,(anonymous_18)
DA:8,1
DA:10,4
DA:11,4
DA:12,4
DA:13,4
DA:14,4
DA:15,1
DA:16,1
DA:19,3
DA:20,3
DA:21,3
DA:23,0
DA:24,0
DA:28,5
DA:29,5
DA:30,5
DA:31,5
DA:32,5
DA:33,5
DA:34,0
DA:35,0
DA:38,5
DA:39,5
DA:44,5
DA:46,5
DA:48,5
DA:49,5
DA:51,0
DA:52,0
DA:56,6
DA:57,6
DA:58,6
DA:61,6
DA:62,0
DA:63,6
DA:64,6
DA:65,6
DA:68,0
DA:69,0
DA:72,6
DA:73,6
DA:74,0
DA:75,0
DA:78,6
DA:79,0
DA:80,0
DA:83,6
DA:84,0
DA:85,0
DA:86,0
DA:87,0
DA:91,6
DA:92,0
DA:94,6
DA:95,6
DA:96,6
DA:97,0
DA:98,0
DA:101,6
DA:102,6
DA:104,0
DA:105,0
DA:109,2
DA:110,2
DA:111,2
DA:112,2
DA:114,0
DA:115,0
DA:119,6
DA:120,6
DA:122,6
DA:123,4
DA:124,2
DA:125,1
DA:127,1
DA:128,1
DA:130,5
DA:131,5
DA:132,5
DA:134,0
DA:135,0
DA:139,1
DA:140,1
DA:141,1
DA:142,1
DA:143,0
DA:144,0
DA:146,1
DA:147,1
DA:148,1
DA:149,0
DA:150,0
DA:152,1
DA:154,0
DA:155,0
LF:95
LH:63
BRDA:14,0,0,1
BRDA:33,1,0,0
BRDA:61,2,0,0
BRDA:61,2,1,6
BRDA:61,3,0,6
BRDA:61,3,1,6
BRDA:61,3,2,2
BRDA:63,4,0,6
BRDA:63,4,1,0
BRDA:73,5,0,0
BRDA:78,6,0,0
BRDA:78,7,0,6
BRDA:78,7,1,0
BRDA:78,8,0,0
BRDA:78,8,1,6
BRDA:78,9,0,6
BRDA:78,9,1,6
BRDA:83,10,0,0
BRDA:85,11,0,0
BRDA:85,12,0,0
BRDA:85,12,1,0
BRDA:91,13,0,0
BRDA:96,14,0,0
BRDA:115,15,0,0
BRDA:115,15,1,0
BRDA:120,16,0,0
BRDA:120,16,1,6
BRDA:120,17,0,6
BRDA:120,17,1,6
BRDA:120,18,0,0
BRDA:120,18,1,6
BRDA:120,19,0,6
BRDA:120,19,1,6
BRDA:122,20,0,4
BRDA:122,20,1,2
BRDA:122,21,0,6
BRDA:122,21,1,6
BRDA:122,21,2,4
BRDA:122,22,0,0
BRDA:122,22,1,4
BRDA:122,23,0,4
BRDA:122,23,1,4
BRDA:122,24,0,0
BRDA:122,24,1,4
BRDA:122,25,0,4
BRDA:122,25,1,4
BRDA:123,26,0,0
BRDA:123,26,1,4
BRDA:123,27,0,4
BRDA:123,27,1,4
BRDA:123,28,0,0
BRDA:123,28,1,4
BRDA:123,29,0,4
BRDA:123,29,1,4
BRDA:124,30,0,1
BRDA:124,30,1,1
BRDA:124,31,0,2
BRDA:124,31,1,1
BRDA:135,32,0,0
BRDA:135,32,1,0
BRDA:140,33,0,0
BRDA:140,33,1,1
BRDA:140,34,0,1
BRDA:140,34,1,1
BRDA:142,35,0,0
BRDA:148,36,0,0
BRDA:155,37,0,0
BRDA:155,37,1,0
BRF:68
BRH:40
end_of_record
TN:
SF:middlewares\authentification.ts
FN:8,(anonymous_0)
FN:31,(anonymous_1)
FN:41,(anonymous_2)
FNF:3
FNH:2
FNDA:16,(anonymous_0)
FNDA:3,(anonymous_1)
FNDA:0,(anonymous_2)
DA:8,1
DA:9,16
DA:10,16
DA:12,16
DA:13,0
DA:16,16
DA:17,16
DA:18,16
DA:19,16
DA:20,0
DA:23,16
DA:25,16
DA:27,0
DA:31,1
DA:32,3
DA:34,3
DA:35,2
DA:37,1
DA:41,1
DA:42,0
DA:44,0
DA:45,0
DA:47,0
LF:23
LH:16
BRDA:12,0,0,0
BRDA:19,1,0,0
BRDA:19,2,0,16
BRDA:19,2,1,16
BRDA:32,3,0,0
BRDA:32,3,1,3
BRDA:32,4,0,3
BRDA:32,4,1,3
BRDA:34,5,0,2
BRDA:34,5,1,1
BRDA:34,6,0,3
BRDA:34,6,1,3
BRDA:42,7,0,0
BRDA:42,7,1,0
BRDA:42,8,0,0
BRDA:42,8,1,0
BRDA:44,9,0,0
BRDA:44,9,1,0
BRDA:44,10,0,0
BRDA:44,10,1,0
BRF:20
BRH:9
end_of_record
TN:
SF:middlewares\validationMiddleware.ts
FN:57,(anonymous_0)
FN:58,(anonymous_1)
FN:75,(anonymous_2)
FN:76,(anonymous_3)
FN:91,(anonymous_4)
FN:92,(anonymous_5)
FNF:6
FNH:4
FNDA:2,(anonymous_0)
FNDA:9,(anonymous_1)
FNDA:0,(anonymous_2)
FNDA:0,(anonymous_3)
FNDA:1,(anonymous_4)
FNDA:6,(anonymous_5)
DA:57,1
DA:58,2
DA:59,9
DA:61,9
DA:62,0
DA:63,0
DA:65,9
DA:75,1
DA:76,0
DA:77,0
DA:78,0
DA:79,0
DA:80,0
DA:82,0
DA:91,1
DA:92,1
DA:93,6
DA:94,6
DA:95,0
DA:96,0
DA:98,6
DA:105,1
LF:22
LH:12
BRDA:61,0,0,0
BRDA:61,0,1,9
BRDA:78,1,0,0
BRDA:94,2,0,0
BRF:4
BRH:1
end_of_record
TN:
SF:models\user.ts
FNF:0
FNH:0
DA:7,1
DA:14,1
LF:2
LH:2
BRF:0
BRH:0
end_of_record
TN:
SF:repositories\userRepository.ts
FN:8,(anonymous_7)
FN:12,(anonymous_8)
FN:22,(anonymous_10)
FN:26,(anonymous_11)
FN:30,(anonymous_13)
FN:34,(anonymous_15)
FN:37,(anonymous_17)
FN:40,(anonymous_19)
FNF:8
FNH:8
FNDA:1,(anonymous_7)
FNDA:4,(anonymous_8)
FNDA:5,(anonymous_10)
FNDA:5,(anonymous_11)
FNDA:6,(anonymous_13)
FNDA:12,(anonymous_15)
FNDA:2,(anonymous_17)
FNDA:1,(anonymous_19)
DA:9,1
DA:13,4
DA:15,4
DA:16,3
DA:19,1
DA:23,5
DA:27,5
DA:31,6
DA:35,12
DA:38,2
DA:41,1
LF:11
LH:11
BRDA:15,0,0,3
BRDA:15,1,0,4
BRDA:15,1,1,3
BRF:3
BRH:3
end_of_record
TN:
SF:routes\user.routes.ts
FNF:0
FNH:0
DA:5,1
DA:112,1
DA:166,1
DA:224,1
DA:251,1
DA:285,1
DA:310,1
LF:7
LH:7
BRF:0
BRH:0
end_of_record
TN:
SF:utils\connectDB.ts
FN:3,connectDB
FN:8,(anonymous_1)
FN:11,(anonymous_2)
FNF:3
FNH:2
FNDA:1,connectDB
FNDA:1,(anonymous_1)
FNDA:0,(anonymous_2)
DA:4,1
DA:9,1
DA:12,0
DA:13,0
LF:4
LH:2
BRF:0
BRH:0
end_of_record
TN:
SF:utils\tools.ts
FN:4,generateToken
FNF:1
FNH:1
FNDA:8,generateToken
DA:5,8
DA:11,8
DA:15,8
LF:3
LH:3
BRF:0
BRH:0
end_of_record
